Дата и время вызова функции 2025-04-06 21:44:57.411212.
Имя функции hello_world.
Аргументы (), {}.
Возвращаемое значение Hello World.
----------------------------------
Дата и время вызова функции 2025-04-06 21:44:57.411872.
Имя функции summator.
Аргументы (2, 2), {}.
Возвращаемое значение 4.
----------------------------------
Дата и время вызова функции 2025-04-06 21:44:57.412345.
Имя функции div.
Аргументы (6, 2), {}.
Возвращаемое значение 3.0.
----------------------------------
Дата и время вызова функции 2025-04-06 21:44:57.412835.
Имя функции summator.
Аргументы (4.3,), {'b': 2.2}.
Возвращаемое значение 6.5.
----------------------------------
