Дата и время вызова функции 2025-04-06 22:08:32.228577.
Имя функции hello_world.
Аргументы (), {}.
Возвращаемое значение Hello World.
----------------------------------
Дата и время вызова функции 2025-04-06 22:08:32.230789.
Имя функции summator.
Аргументы (2, 2), {}.
Возвращаемое значение 4.
----------------------------------
Дата и время вызова функции 2025-04-06 22:08:32.232312.
Имя функции div.
Аргументы (6, 2), {}.
Возвращаемое значение 3.0.
----------------------------------
Дата и время вызова функции 2025-04-06 22:08:32.235560.
Имя функции summator.
Аргументы (4.3,), {'b': 2.2}.
Возвращаемое значение 6.5.
----------------------------------
Дата и время вызова функции 2025-04-06 22:08:32.237554.
Имя функции summator.
Аргументы (), {'a': 0, 'b': 0}.
Возвращаемое значение 0.
----------------------------------
